# JRE version: OpenJDK Runtime Environment (23.0.2+7) (build 23.0.2+7-58)
# Java VM: OpenJDK 64-Bit Server VM (23.0.2+7-58, mixed mode, sharing, tiered, compressed oops, compressed class ptrs, g1 gc, windows-amd64)
GC Precious Log:
 CardTable entry size: 512
 Card Set container configuration: InlinePtr #cards 4 size 8 Array Of Cards #cards 16 size 48 Howl #buckets 8 coarsen threshold 3686 Howl Bitmap #cards 512 size 80 coarsen threshold 460 Card regions per heap region 1 cards per card region 4096
 CPUs: 12 total, 12 available
 Memory: 16205M
 Large Page Support: Disabled
 NUMA Support: Disabled
 Compressed Oops: Enabled (Zero based)
 Heap Region Size: 2M
 Heap Min Capacity: 8M
 Heap Initial Capacity: 254M
 Heap Max Capacity: 4052M
 Pre-touch: Disabled
 Parallel Workers: 10
 Concurrent Workers: 3
 Concurrent Refinement Workers: 10
 Periodic GC: Disabled
Heap:
 garbage-first heap   total reserved 4149248K, committed 159744K, used 46293K [0x0000000702c00000, 0x0000000800000000)
  region size 2048K, 14 young (28672K), 2 survivors (4096K)
 Metaspace       used 30460K, committed 30848K, reserved 1114112K
  class space    used 3632K, committed 3776K, reserved 1048576K
GC Heap History (16 events):
Event: 3.243 GC heap before
{Heap before GC invocations=0 (full 0):
 garbage-first heap   total reserved 4149248K, committed 260096K, used 24576K [0x0000000702c00000, 0x0000000800000000)
  region size 2048K, 12 young (24576K), 0 survivors (0K)
 Metaspace       used 6289K, committed 6464K, reserved 1114112K
  class space    used 763K, committed 832K, reserved 1048576K
}
Event: 3.247 GC heap after
{Heap after GC invocations=1 (full 0):
 garbage-first heap   total reserved 4149248K, committed 260096K, used 4069K [0x0000000702c00000, 0x0000000800000000)
  region size 2048K, 2 young (4096K), 2 survivors (4096K)
 Metaspace       used 6289K, committed 6464K, reserved 1114112K
  class space    used 763K, committed 832K, reserved 1048576K
}
Event: 3.539 GC heap before
{Heap before GC invocations=1 (full 0):
 garbage-first heap   total reserved 4149248K, committed 260096K, used 26597K [0x0000000702c00000, 0x0000000800000000)
  region size 2048K, 13 young (26624K), 2 survivors (4096K)
 Metaspace       used 8491K, committed 8640K, reserved 1114112K
  class space    used 1017K, committed 1088K, reserved 1048576K
}
Event: 3.543 GC heap after
{Heap after GC invocations=2 (full 0):
 garbage-first heap   total reserved 4149248K, committed 260096K, used 4980K [0x0000000702c00000, 0x0000000800000000)
  region size 2048K, 1 young (2048K), 1 survivors (2048K)
 Metaspace       used 8491K, committed 8640K, reserved 1114112K
  class space    used 1017K, committed 1088K, reserved 1048576K
}
Event: 5.537 GC heap before
{Heap before GC invocations=2 (full 0):
 garbage-first heap   total reserved 4149248K, committed 260096K, used 72564K [0x0000000702c00000, 0x0000000800000000)
  region size 2048K, 34 young (69632K), 1 survivors (2048K)
 Metaspace       used 17324K, committed 17600K, reserved 1114112K
  class space    used 2122K, committed 2240K, reserved 1048576K
}
Event: 5.541 GC heap after
{Heap after GC invocations=3 (full 0):
 garbage-first heap   total reserved 4149248K, committed 260096K, used 10482K [0x0000000702c00000, 0x0000000800000000)
  region size 2048K, 4 young (8192K), 4 survivors (8192K)
 Metaspace       used 17324K, committed 17600K, reserved 1114112K
  class space    used 2122K, committed 2240K, reserved 1048576K
}
Event: 6.281 GC heap before
{Heap before GC invocations=3 (full 0):
 garbage-first heap   total reserved 4149248K, committed 260096K, used 20722K [0x0000000702c00000, 0x0000000800000000)
  region size 2048K, 10 young (20480K), 4 survivors (8192K)
 Metaspace       used 21167K, committed 21504K, reserved 1114112K
  class space    used 2592K, committed 2752K, reserved 1048576K
}
Event: 6.286 GC heap after
{Heap after GC invocations=4 (full 0):
 garbage-first heap   total reserved 4149248K, committed 260096K, used 11903K [0x0000000702c00000, 0x0000000800000000)
  region size 2048K, 1 young (2048K), 1 survivors (2048K)
 Metaspace       used 21167K, committed 21504K, reserved 1114112K
  class space    used 2592K, committed 2752K, reserved 1048576K
}
Event: 6.930 GC heap before
{Heap before GC invocations=5 (full 0):
 garbage-first heap   total reserved 4149248K, committed 49152K, used 46719K [0x0000000702c00000, 0x0000000800000000)
  region size 2048K, 18 young (36864K), 1 survivors (2048K)
 Metaspace       used 26297K, committed 26688K, reserved 1114112K
  class space    used 3174K, committed 3328K, reserved 1048576K
}
Event: 6.939 GC heap after
{Heap after GC invocations=6 (full 0):
 garbage-first heap   total reserved 4149248K, committed 59392K, used 19906K [0x0000000702c00000, 0x0000000800000000)
  region size 2048K, 5 young (10240K), 5 survivors (10240K)
 Metaspace       used 26297K, committed 26688K, reserved 1114112K
  class space    used 3174K, committed 3328K, reserved 1048576K
}
Event: 7.279 GC heap before
{Heap before GC invocations=6 (full 0):
 garbage-first heap   total reserved 4149248K, committed 59392K, used 42434K [0x0000000702c00000, 0x0000000800000000)
  region size 2048K, 16 young (32768K), 5 survivors (10240K)
 Metaspace       used 27847K, committed 28160K, reserved 1114112K
  class space    used 3342K, committed 3456K, reserved 1048576K
}
Event: 7.291 GC heap after
{Heap after GC invocations=7 (full 0):
 garbage-first heap   total reserved 4149248K, committed 59392K, used 23044K [0x0000000702c00000, 0x0000000800000000)
  region size 2048K, 2 young (4096K), 2 survivors (4096K)
 Metaspace       used 27847K, committed 28160K, reserved 1114112K
  class space    used 3342K, committed 3456K, reserved 1048576K
}
Event: 7.718 GC heap before
{Heap before GC invocations=7 (full 0):
 garbage-first heap   total reserved 4149248K, committed 59392K, used 43524K [0x0000000702c00000, 0x0000000800000000)
  region size 2048K, 12 young (24576K), 2 survivors (4096K)
 Metaspace       used 28704K, committed 29056K, reserved 1114112K
  class space    used 3415K, committed 3584K, reserved 1048576K
}
Event: 7.726 GC heap after
{Heap after GC invocations=8 (full 0):
 garbage-first heap   total reserved 4149248K, committed 59392K, used 24649K [0x0000000702c00000, 0x0000000800000000)
  region size 2048K, 1 young (2048K), 1 survivors (2048K)
 Metaspace       used 28704K, committed 29056K, reserved 1114112K
  class space    used 3415K, committed 3584K, reserved 1048576K
}
Event: 8.519 GC heap before
{Heap before GC invocations=8 (full 0):
 garbage-first heap   total reserved 4149248K, committed 59392K, used 47177K [0x0000000702c00000, 0x0000000800000000)
  region size 2048K, 12 young (24576K), 1 survivors (2048K)
 Metaspace       used 28906K, committed 29312K, reserved 1114112K
  class space    used 3416K, committed 3648K, reserved 1048576K
}
Event: 8.524 GC heap after
{Heap after GC invocations=9 (full 0):
 garbage-first heap   total reserved 4149248K, committed 159744K, used 25813K [0x0000000702c00000, 0x0000000800000000)
  region size 2048K, 2 young (4096K), 2 survivors (4096K)
 Metaspace       used 28906K, committed 29312K, reserved 1114112K
  class space    used 3416K, committed 3648K, reserved 1048576K
}

